<?xml version="1.0" encoding="UTF-8"?>
<!-- Generated by org.testng.reporters.JUnitReportReporter -->
<testsuite skipped="1" hostname="Abrahams-MacBook-Air.local" name="com.Tests.MainPage" tests="3" failures="0" timestamp="20 May 2019 23:23:32 GMT" time="3.021" errors="0">
  <testcase name="clcikOnSignIn" time="1.743" classname="com.Tests.MainPage"/>
  <testcase name="contactUs" time="1.278" classname="com.Tests.MainPage"/>
  <testcase name="CreateAccount" classname="com.Tests.MainPage">
    <skipped/>
  </testcase> <!-- CreateAccount -->
</testsuite> <!-- com.Tests.MainPage -->
